[30Dec2024 00:00:23.067] [Server thread/INFO] [net.minecraft.server.MinecraftServer/]: [Irregular24: Showing new title for 3 players]
[30Dec2024 00:00:47.765] [Server thread/INFO] [net.minecraft.server.MinecraftServer/]: [Not Secure] <Erickduran2002> goo
[30Dec2024 00:00:53.524] [Server thread/INFO] [net.minecraft.server.MinecraftServer/]: [Not Secure] <Erickduran2002> ahora voy
[30Dec2024 00:01:04.814] [Server thread/INFO] [net.minecraft.server.MinecraftServer/]: [Not Secure] <Irregular24> Seta33 ?
[30Dec2024 00:01:16.266] [Server thread/INFO] [net.minecraft.server.MinecraftServer/]: [Not Secure] <Seta33> pera un toque
[30Dec2024 00:01:25.264] [Server thread/INFO] [net.minecraft.server.MinecraftServer/]: [Not Secure] <Erickduran2002> cordenada
[30Dec2024 00:03:28.539] [Server thread/INFO] [net.minecraft.server.MinecraftServer/]: [Not Secure] <Irregular24> -1500 163
[30Dec2024 00:04:07.213] [Server thread/INFO] [net.minecraft.server.MinecraftServer/]: [Not Secure] <Erickduran2002> voy bebe
[30Dec2024 00:05:24.731] [Server thread/INFO] [net.minecraft.server.MinecraftServer/]: [Irregular24: Set the time to 1000]
[30Dec2024 00:05:29.165] [Server thread/WARN] [net.minecraft.server.network.ServerGamePacketListenerImpl/]: Irregular24 moved too quickly! 3.571186187521562,5.662595437470699,-7.47411996547612
[30Dec2024 00:07:26.069] [Server thread/INFO] [net.minecraft.server.MinecraftServer/]: [Not Secure] <Erickduran2002> estas demasiado lejos
[30Dec2024 00:07:33.618] [Server thread/INFO] [net.minecraft.server.MinecraftServer/]: [Not Secure] <Irregular24> :v
[30Dec2024 00:07:39.267] [Server thread/INFO] [net.minecraft.server.MinecraftServer/]: [Not Secure] <Irregular24> ahora les hago tp
[30Dec2024 00:07:55.120] [Server thread/INFO] [net.minecraft.server.MinecraftServer/]: [Not Secure] <Erickduran2002> esa es
[30Dec2024 00:08:37.267] [Server thread/INFO] [net.minecraft.server.MinecraftServer/]: [Irregular24: Teleported 3 entities to Irregular24]
[30Dec2024 00:10:30.118] [Server thread/INFO] [net.minecraft.server.MinecraftServer/]: [Irregular24: Teleported 3 entities to Irregular24]
[30Dec2024 00:12:17.333] [Server thread/INFO] [net.minecraft.server.MinecraftServer/]: [Irregular24: Teleported Seta33 to Irregular24]
[30Dec2024 00:12:56.744] [Server thread/INFO] [net.minecraft.server.MinecraftServer/]: [Irregular24: Teleported Seta33 to Irregular24]
[30Dec2024 00:13:03.565] [Server thread/INFO] [net.minecraft.server.MinecraftServer/]: [Irregular24: Teleported Seta33 to Irregular24]
[30Dec2024 00:13:05.662] [Server thread/INFO] [net.minecraft.server.MinecraftServer/]: [Irregular24: Teleported Seta33 to Irregular24]
[30Dec2024 00:13:07.862] [Server thread/WARN] [net.minecraft.server.network.ServerGamePacketListenerImpl/]: Seta33 was kicked for floating too long!
[30Dec2024 00:13:07.903] [Server thread/INFO] [net.minecraft.server.network.ServerGamePacketListenerImpl/]: Seta33 lost connection: Flying is not enabled on this server
[30Dec2024 00:13:07.903] [Server thread/INFO] [net.minecraft.server.MinecraftServer/]: Seta33 left the game
[30Dec2024 00:13:07.904] [Server thread/INFO] [voicechat/]: [voicechat] Disconnecting client Seta33
[30Dec2024 00:13:11.010] [Server thread/INFO] [net.minecraft.server.MinecraftServer/]: [Not Secure] <Irregular24> xd
